<?xml version="1.0" encoding="UTF-8"?>
<!-- Generated by org.testng.reporters.JUnitReportReporter -->
<testsuite hostname="MRNDTHTEQCL0009" name="utils.Runner" tests="1" failures="0" timestamp="24 Apr 2017 06:56:48 GMT" time="33.974" errors="0">
  <testcase name="checkValues" time="33.974" classname="utils.Runner"/>
</testsuite> <!-- utils.Runner -->
