<?xml version="1.0" encoding="UTF-8"?>
<!-- Generated by org.testng.reporters.JUnitReportReporter -->
<testsuite hostname="MRNDTHTEQCL0009" name="utils.Login" tests="1" failures="0" timestamp="21 Apr 2017 04:00:23 GMT" time="0.055" errors="0">
  <testcase name="gmailLogin" time="0.055" classname="utils.Login"/>
</testsuite> <!-- utils.Login -->
