<?xml version="1.0" encoding="UTF-8"?>
<!-- Generated by org.testng.reporters.JUnitReportReporter -->
<testsuite hostname="MRNDTHTEQCL0009" name="gmailLogin.Login" tests="1" failures="0" timestamp="20 Apr 2017 03:37:08 GMT" time="32.862" errors="0">
  <testcase name="gmailLogin" time="32.862" classname="gmailLogin.Login"/>
</testsuite> <!-- gmailLogin.Login -->
