<?xml version="1.0" encoding="UTF-8"?>
<!-- Generated by org.testng.reporters.JUnitReportReporter -->
<testsuite hostname="MRNDTHTEQCL0009" name="testData.Test22" tests="1" failures="0" timestamp="21 Apr 2017 10:37:08 GMT" time="39.376" errors="0">
  <testcase name="Test" time="39.376" classname="testData.Test22"/>
</testsuite> <!-- testData.Test22 -->
